20240318	17:50:56	fdac26aa-d905-4d28-8a6b-5cf180f5d25e	TypeError: foundUser.comparePassword is not a function	POST	/auth	http://localhost:3000
20240318	17:51:44	af0b79dc-b25f-4131-827d-4ae7dc40e0c6	TypeError: foundUser.comparePassword is not a function	POST	/auth	http://localhost:3000
20240319	10:10:24	f1ceceb7-f484-4b59-9d29-43f13da54d2d	TypeError: foundUser.comparePassword is not a function	POST	/auth	http://localhost:3000
20240319	10:14:58	a2ece458-1ad8-492d-96bc-02fceedbf4a2	TypeError: foundUser.comparePassword is not a function	POST	/auth	http://localhost:3000
20240319	10:54:15	de8fd52a-9db0-4a29-83b1-bcaf6fe4e692	TypeError: foundUser.comparePassword is not a function	POST	/auth/login	http://localhost:3000
20240319	13:03:18	8ab7bb64-c8b9-4b90-9247-4403f6bb46c1	TypeError: foundUser.comparePassword is not a function	POST	/auth/login	http://localhost:3000
20240320	14:27:27	baf0c34b-65a3-4dcb-a334-d0ce54184e1b	Error: data and hash arguments required	POST	/auth/login	http://localhost:3000
20240320	14:29:29	af8e2fb5-ef06-45a0-9cf2-8c813c1ff119	Error: data and hash arguments required	POST	/auth/login	http://localhost:3000
20240320	14:30:34	971226ba-9e62-4800-8672-beb377d8cfca	Error: data and hash arguments required	POST	/auth/login	http://localhost:3000
20240320	14:32:22	254b7fb5-939a-44d2-99a2-ee9f2028a296	Error: data and hash arguments required	POST	/auth/login	http://localhost:3000
20240320	14:32:55	54e57348-a667-423e-8921-4cd273f32883	Error: data and hash arguments required	POST	/auth/login	http://localhost:3000
20240320	14:33:48	bd5d4f03-c56f-496f-8967-914b87df5732	Error: data and hash arguments required	POST	/auth/login	http://localhost:3000
20240322	15:58:11	7a7da915-21d2-41ba-a5e7-331eb8256b25	ValidationError: Listing validation failed: offer: Path `offer` is required., listingType: Path `listingType` is required., parking: Path `parking` is required., furnished: Path `furnished` is required., bedrooms: Path `bedrooms` is required., bathrooms: Path `bathrooms` is required., discountedPrice: Path `discountedPrice` is required., regularPrice: Path `regularPrice` is required., address: Path `address` is required., description: Path `description` is required., name: Path `name` is required.	POST	/listing	http://localhost:3000
20240322	15:59:51	acc3fddd-93a5-4cba-88ff-ecc3b76bfc6a	ValidationError: Listing validation failed: listingType: Path `listingType` is required., parking: Path `parking` is required., furnished: Path `furnished` is required., bedrooms: Path `bedrooms` is required., bathrooms: Path `bathrooms` is required., discountedPrice: Path `discountedPrice` is required., regularPrice: Path `regularPrice` is required., address: Path `address` is required., description: Path `description` is required., name: Path `name` is required.	POST	/listing	http://localhost:3000
20240322	16:01:38	7affe544-81d4-445b-b60f-c7fa1cdc6e33	ValidationError: Listing validation failed: listingType: Path `listingType` is required., parking: Path `parking` is required., furnished: Path `furnished` is required., bedrooms: Path `bedrooms` is required., bathrooms: Path `bathrooms` is required., discountedPrice: Path `discountedPrice` is required., regularPrice: Path `regularPrice` is required., address: Path `address` is required., description: Path `description` is required., name: Path `name` is required.	POST	/listing	http://localhost:3000
20240322	16:03:48	a8da6763-da7f-48ed-8943-a310aa5dce6b	ValidationError: Listing validation failed: listingType: Path `listingType` is required., parking: Path `parking` is required., furnished: Path `furnished` is required., bedrooms: Path `bedrooms` is required., bathrooms: Path `bathrooms` is required., discountedPrice: Path `discountedPrice` is required., regularPrice: Path `regularPrice` is required., address: Path `address` is required., description: Path `description` is required., name: Path `name` is required.	POST	/listing	http://localhost:3000
20240323	12:37:59	bbd147d5-e718-4a63-bdc5-ff40711af95e	ValidationError: Listing validation failed: userRef: Path `userRef` is required., listingType: Path `listingType` is required., parking: Path `parking` is required., furnished: Path `furnished` is required., bedrooms: Path `bedrooms` is required., bathrooms: Path `bathrooms` is required., discountedPrice: Path `discountedPrice` is required., regularPrice: Path `regularPrice` is required., address: Path `address` is required., description: Path `description` is required., name: Path `name` is required.	POST	/listing	http://localhost:3000
20240323	12:40:08	b334600c-65f3-4234-a790-849e78166a46	TypeError: res.statusCode is not a function	POST	/listing	http://localhost:3000
20240323	16:34:20	b4f95f5a-ab5b-470b-a38a-dbf95700488b	CastError: Cast to ObjectId failed for value "undefined" (type string) at path "_id" for model "Listing"	PATCH	/listing/undefined	http://localhost:3000
20240323	16:36:09	d75fa874-aa5e-4dea-be0a-a23d3b6c6dc8	CastError: Cast to ObjectId failed for value "undefined" (type string) at path "_id" for model "Listing"	PATCH	/listing/undefined	http://localhost:3000
20240323	16:36:43	dc340280-2f56-4bb7-82f3-6a1c1206649f	CastError: Cast to ObjectId failed for value "undefined" (type string) at path "_id" for model "Listing"	PATCH	/listing/undefined	http://localhost:3000
20240323	16:44:17	f1e6c6cb-406a-4a1b-b818-fa0ff5f32b9d	CastError: Cast to ObjectId failed for value "undefined" (type string) at path "_id" for model "Listing"	PATCH	/listing/undefined	http://localhost:3000
20240323	16:44:21	0136e9d6-ae0d-4697-8e73-ab1318bffb48	CastError: Cast to ObjectId failed for value "undefined" (type string) at path "_id" for model "Listing"	PATCH	/listing/undefined	http://localhost:3000
20240323	16:47:08	1c288e5f-ae80-4fc7-bb1a-ad9c427ec57b	CastError: Cast to ObjectId failed for value "undefined" (type string) at path "_id" for model "Listing"	PATCH	/listing/undefined	http://localhost:3000
20240323	16:47:52	8c5d7e04-b15e-49c3-a297-05aa0fe54c96	CastError: Cast to ObjectId failed for value "undefined" (type string) at path "_id" for model "Listing"	PATCH	/listing/undefined	http://localhost:3000
20240323	16:49:53	cb8edc91-60b4-4311-b9fd-22ca62dedb75	CastError: Cast to ObjectId failed for value "undefined" (type string) at path "_id" for model "Listing"	PATCH	/listing/undefined	http://localhost:3000
20240323	16:58:20	54fe2bcd-f265-4a62-9c66-3db77ad9a5fd	CastError: Cast to ObjectId failed for value "undefined" (type string) at path "_id" for model "Listing"	PATCH	/listing/undefined	http://localhost:3000
20240323	16:59:08	45ed69fe-75d3-40d3-9d5a-11d54a2ce670	CastError: Cast to ObjectId failed for value "undefined" (type string) at path "_id" for model "Listing"	PATCH	/listing/undefined	http://localhost:3000
20240323	16:59:51	f2ffcf31-b4df-49c7-825b-a7dc9f64fdd0	CastError: Cast to ObjectId failed for value "undefined" (type string) at path "_id" for model "Listing"	PATCH	/listing/undefined	http://localhost:3000
20240323	17:43:49	709a9399-e733-4edc-9204-99a921c9d3bc	TypeError: res.statusMessage is not a function	DELETE	/listing	http://localhost:3000
20240323	17:44:06	f36b3539-95b1-4ce4-b12f-9e396fd24df9	TypeError: res.statusMessage is not a function	DELETE	/listing	http://localhost:3000
20240323	17:46:48	5c159aa5-61a2-47da-aed0-0530629d5dfc	TypeError: res.statusMessage is not a function	DELETE	/listing	http://localhost:3000
